<?xml version="1.0" encoding="UTF-8"?>
<testsuites>
  <testsuite name="CodeIgniter Application Test Suite" tests="3" assertions="3" errors="0" failures="1" skipped="0" time="2.438832">
    <testsuite name="Welcome_test" file="C:\xampp\htdocs\evidencia_v2\application\tests\controllers\Welcome_test.php" tests="3" assertions="3" errors="0" failures="1" skipped="0" time="2.438832">
      <testcase name="test_index" class="Welcome_test" classname="Welcome_test" file="C:\xampp\htdocs\evidencia_v2\application\tests\controllers\Welcome_test.php" line="13" assertions="1" time="1.189975">
        <failure type="PHPUnit\Framework\ExpectationFailedException">Welcome_test::test_index
Failed asserting that 'Welcome/index is not found' contains "&lt;title&gt;Welcome to CodeIgniter&lt;/title&gt;".

C:\xampp\htdocs\evidencia_v2\application\tests\controllers\Welcome_test.php:16
</failure>
      </testcase>
      <testcase name="test_method_404" class="Welcome_test" classname="Welcome_test" file="C:\xampp\htdocs\evidencia_v2\application\tests\controllers\Welcome_test.php" line="19" assertions="1" time="1.247720"/>
      <testcase name="test_APPPATH" class="Welcome_test" classname="Welcome_test" file="C:\xampp\htdocs\evidencia_v2\application\tests\controllers\Welcome_test.php" line="25" assertions="1" time="0.001137"/>
    </testsuite>
  </testsuite>
</testsuites>
